D:\USERDATA\CHIMARIO\MY DOCUMENTS\CPP\ESHOP\ESHOP_GUI_CPP\DEBUG\ESHOP_GUI_CPP.EXE
D:\USERDATA\CHIMARIO\MY DOCUMENTS\CPP\ESHOP\ESHOP_GUI_CPP\DEBUG\ESHOP_GUI_CPP.ILK
D:\USERDATA\CHIMARIO\MY DOCUMENTS\CPP\ESHOP\ESHOP_GUI_CPP\DEBUG\ESHOP_GUI_CPP.PDB
D:\USERDATA\CHIMARIO\MY DOCUMENTS\CPP\ESHOP\ESHOP_GUI_CPP\ESHOP_GUI_CPP\DEBUG\.NETFRAMEWORK,VERSION=V4.0.ASSEMBLYATTRIBUTES.OBJ
D:\USERDATA\CHIMARIO\MY DOCUMENTS\CPP\ESHOP\ESHOP_GUI_CPP\ESHOP_GUI_CPP\DEBUG\ADMINISTRATIONPANEL.OBJ
D:\USERDATA\CHIMARIO\MY DOCUMENTS\CPP\ESHOP\ESHOP_GUI_CPP\ESHOP_GUI_CPP\DEBUG\APP.RES
D:\USERDATA\CHIMARIO\MY DOCUMENTS\CPP\ESHOP\ESHOP_GUI_CPP\ESHOP_GUI_CPP\DEBUG\ASSEMBLYINFO.OBJ
D:\userdata\chimario\My Documents\cpp\eshop\eshop_gui_cpp\eshop_gui_cpp\Debug\cl.command.1.tlog
D:\userdata\chimario\My Documents\cpp\eshop\eshop_gui_cpp\eshop_gui_cpp\Debug\CL.read.1.tlog
D:\userdata\chimario\My Documents\cpp\eshop\eshop_gui_cpp\eshop_gui_cpp\Debug\CL.write.1.tlog
D:\USERDATA\CHIMARIO\MY DOCUMENTS\CPP\ESHOP\ESHOP_GUI_CPP\ESHOP_GUI_CPP\DEBUG\ESHOP.OBJ
D:\userdata\chimario\My Documents\cpp\eshop\eshop_gui_cpp\eshop_gui_cpp\Debug\eshop_gui_cpp.AdministrationPanel.resources
D:\userdata\chimario\My Documents\cpp\eshop\eshop_gui_cpp\eshop_gui_cpp\Debug\eshop_gui_cpp.Eshop.resources
D:\USERDATA\CHIMARIO\MY DOCUMENTS\CPP\ESHOP\ESHOP_GUI_CPP\ESHOP_GUI_CPP\DEBUG\ESHOP_GUI_CPP.EXE.INTERMEDIATE.MANIFEST
D:\userdata\chimario\My Documents\cpp\eshop\eshop_gui_cpp\eshop_gui_cpp\Debug\eshop_gui_cpp.Login.resources
D:\USERDATA\CHIMARIO\MY DOCUMENTS\CPP\ESHOP\ESHOP_GUI_CPP\ESHOP_GUI_CPP\DEBUG\ESHOP_GUI_CPP.OBJ
D:\USERDATA\CHIMARIO\MY DOCUMENTS\CPP\ESHOP\ESHOP_GUI_CPP\ESHOP_GUI_CPP\DEBUG\ESHOP_GUI_CPP.PCH
D:\userdata\chimario\My Documents\cpp\eshop\eshop_gui_cpp\eshop_gui_cpp\Debug\eshop_gui_cpp.vcxproj.GenerateResource.Cache
D:\userdata\chimario\My Documents\cpp\eshop\eshop_gui_cpp\eshop_gui_cpp\Debug\eshop_gui_cpp.write.1.tlog
D:\userdata\chimario\My Documents\cpp\eshop\eshop_gui_cpp\eshop_gui_cpp\Debug\link.14676.read.1.tlog
D:\userdata\chimario\My Documents\cpp\eshop\eshop_gui_cpp\eshop_gui_cpp\Debug\link.14676.write.1.tlog
D:\userdata\chimario\My Documents\cpp\eshop\eshop_gui_cpp\eshop_gui_cpp\Debug\link.14676-cvtres.read.1.tlog
D:\userdata\chimario\My Documents\cpp\eshop\eshop_gui_cpp\eshop_gui_cpp\Debug\link.14676-cvtres.write.1.tlog
D:\userdata\chimario\My Documents\cpp\eshop\eshop_gui_cpp\eshop_gui_cpp\Debug\link.command.1.tlog
D:\userdata\chimario\My Documents\cpp\eshop\eshop_gui_cpp\eshop_gui_cpp\Debug\link.read.1.tlog
D:\userdata\chimario\My Documents\cpp\eshop\eshop_gui_cpp\eshop_gui_cpp\Debug\link.write.1.tlog
D:\userdata\chimario\My Documents\cpp\eshop\eshop_gui_cpp\eshop_gui_cpp\Debug\metagen.read.1.tlog
D:\userdata\chimario\My Documents\cpp\eshop\eshop_gui_cpp\eshop_gui_cpp\Debug\metagen.write.1.tlog
D:\userdata\chimario\My Documents\cpp\eshop\eshop_gui_cpp\eshop_gui_cpp\Debug\mt.command.1.tlog
D:\userdata\chimario\My Documents\cpp\eshop\eshop_gui_cpp\eshop_gui_cpp\Debug\mt.read.1.tlog
D:\userdata\chimario\My Documents\cpp\eshop\eshop_gui_cpp\eshop_gui_cpp\Debug\mt.write.1.tlog
D:\userdata\chimario\My Documents\cpp\eshop\eshop_gui_cpp\eshop_gui_cpp\Debug\rc.command.1.tlog
D:\userdata\chimario\My Documents\cpp\eshop\eshop_gui_cpp\eshop_gui_cpp\Debug\rc.read.1.tlog
D:\userdata\chimario\My Documents\cpp\eshop\eshop_gui_cpp\eshop_gui_cpp\Debug\rc.write.1.tlog
D:\userdata\chimario\My Documents\cpp\eshop\eshop_gui_cpp\eshop_gui_cpp\Debug\RSAENH.DLL.bi
D:\USERDATA\CHIMARIO\MY DOCUMENTS\CPP\ESHOP\ESHOP_GUI_CPP\ESHOP_GUI_CPP\DEBUG\STDAFX.OBJ
D:\userdata\chimario\My Documents\cpp\eshop\eshop_gui_cpp\eshop_gui_cpp\Debug\TZRES.DLL.bi
D:\USERDATA\CHIMARIO\MY DOCUMENTS\CPP\ESHOP\ESHOP_GUI_CPP\ESHOP_GUI_CPP\DEBUG\VC100.PDB
